  2026-04-13 05:17:38 [INFO] ──────────────────────────────────────────
2026-04-13 05:17:39 [INFO]   WhatsApp SaaS Chatbot Platform
2026-04-13 05:17:39 [INFO]   Env     : development
2026-04-13 05:17:39 [INFO]   Port    : 3000
2026-04-13 05:17:39 [INFO]   Health  : http://localhost:3000/health
2026-04-13 05:17:39 [INFO]   Webhook : http://localhost:3000/webhook
2026-04-13 05:17:39 [INFO] ──────────────────────────────────────────
2026-04-13 05:17:58 [HTTP] GET /health 200 13.262 ms
2026-04-13 05:18:04 [INFO] [Webhook] ✅ Verification successful
2026-04-13 05:18:04 [HTTP] GET /webhook?hub.mode=subscribe&hub.verify_token=my_test_verify_token&hub.challenge=CHALLENGE_123 200 4.148 ms
2026-04-13 05:18:13 [WARN] [Webhook] ❌ Verification failed
2026-04-13 05:18:13 [HTTP] GET /webhook?hub.mode=subscribe&hub.verify_token=WRONG_TOKEN&hub.challenge=CHALLENGE_123 403 3.683 ms
2026-04-13 05:18:19 [INFO] [WA:msg] 📩 From: 263771234567 | type: text | client: client_demo
2026-04-13 05:18:20 [HTTP] POST /webhook 200 1.041 ms
2026-04-13 05:18:21 [WARN] [WA:read] ⚠️ Could not mark as read: wamid.test1
2026-04-13 05:18:21 [DEBUG] [Chatbot] Restart by 263771234567
2026-04-13 05:18:21 [DEBUG] [Chatbot] 263771234567 | flow: welcome | step: start | msg: "hi"
2026-04-13 05:18:21 [ERROR] [WA:send] ❌ Failed to 263771234567: {"error":{"message":"Invalid OAuth access token - Cannot parse access token","type":"OAuthException","code":190,"fbtrace_id":"A5O0RXXac8VlIX5XoQGFZuX"}}
2026-04-13 05:18:21 [ERROR] [Webhook] ❌ Request failed with status code 401
2026-04-13 05:18:25 [HTTP] GET /unknown 404 1.361 ms
2026-04-13 05:21:12 [INFO] [Server] SIGINT received — shutting down gracefully
2026-04-13 05:21:17 [INFO] ──────────────────────────────────────────
2026-04-13 05:21:17 [INFO]   WhatsApp SaaS Chatbot Platform
2026-04-13 05:21:17 [INFO]   Env     : development
2026-04-13 05:21:17 [INFO]   Port    : 3000
2026-04-13 05:21:17 [INFO]   Health  : http://localhost:3000/health
2026-04-13 05:21:17 [INFO]   Webhook : http://localhost:3000/webhook
2026-04-13 05:21:17 [INFO] ──────────────────────────────────────────
2026-04-13 05:21:33 [INFO] [WA:msg] 📩 From: 263771234567 | type: text | client: client_demo
2026-04-13 05:21:33 [HTTP] POST /webhook 200 2.647 ms
2026-04-13 05:21:34 [WARN] [WA:read] ⚠️ Could not mark as read: wamid.test1
2026-04-13 05:21:34 [DEBUG] [Chatbot] Restart by 263771234567
2026-04-13 05:21:34 [DEBUG] [Chatbot] 263771234567 | flow: welcome | step: start | msg: "hi"
2026-04-13 05:21:35 [ERROR] [WA:send] ❌ Failed to 263771234567: {"error":{"message":"Invalid OAuth access token - Cannot parse access token","type":"OAuthException","code":190,"fbtrace_id":"AbuQU_jYoj5ZYCA0-Uj8pUo"}}
2026-04-13 05:21:35 [ERROR] [Webhook] ❌ Request failed with status code 401
2026-04-13 05:38:27 [INFO] [Server] SIGINT received — shutting down gracefully
2026-04-13 05:47:03 [WARN] [DB] MongoDB disconnected
2026-04-13 05:55:01 [WARN] [DB] MongoDB disconnected
2026-04-13 05:55:25 [WARN] [DB] MongoDB disconnected
2026-04-13 06:06:50 [WARN] [DB] MongoDB disconnected
2026-04-13 06:12:35 [WARN] [DB] MongoDB disconnected
2026-04-13 06:16:00 [INFO] [DB] MongoDB connected
2026-04-13 06:16:00 [INFO] ──────────────────────────────────────────
2026-04-13 06:16:00 [INFO]   WhatsApp SaaS Chatbot Platform
2026-04-13 06:16:00 [INFO]   Env     : development
2026-04-13 06:16:00 [INFO]   Port    : 3000
2026-04-13 06:16:00 [INFO]   Health  : http://localhost:3000/health
2026-04-13 06:16:00 [INFO]   Webhook : http://localhost:3000/webhook
2026-04-13 06:16:00 [INFO] ──────────────────────────────────────────
2026-04-13 06:16:36 [HTTP] GET /health 200 11.483 ms
2026-04-13 06:16:43 [INFO] [WA:msg] 📩 From: 263771234567 | type: text | client: client_demo
2026-04-13 06:16:43 [HTTP] POST /webhook 200 0.816 ms
2026-04-13 06:16:45 [WARN] [WA:read] ⚠️ Could not mark as read: wamid.test1
2026-04-13 06:16:45 [DEBUG] [Chatbot] Restart by 263771234567
2026-04-13 06:16:45 [DEBUG] [Chatbot] 263771234567 | flow: welcome | step: start | msg: "hi"
2026-04-13 06:16:45 [DEBUG] [MsgRepo] Saved incoming message for 263771234567
2026-04-13 06:16:45 [DEBUG] [MsgRepo] Saved outgoing message for 263771234567
2026-04-13 06:16:45 [ERROR] [WA:send] ❌ Failed to 263771234567: {"error":{"message":"Unsupported post request. Object with ID '123456789' does not exist, cannot be loaded due to missing permissions, or does not support this operation. Please read the Graph API documentation at https://developers.facebook.com/docs/graph-api","type":"GraphMethodException","code":100,"error_subcode":33,"fbtrace_id":"AYqLXztRMSojyuKDvOEMcbn"}}
2026-04-13 06:16:45 [ERROR] [Webhook] ❌ Request failed with status code 400
2026-04-13 06:16:54 [INFO] [WA:msg] 📩 From: 263771234567 | type: text | client: client_demo
2026-04-13 06:16:54 [HTTP] POST /webhook 200 0.748 ms
2026-04-13 06:16:55 [WARN] [WA:read] ⚠️ Could not mark as read: wamid.test2
2026-04-13 06:16:55 [DEBUG] [Chatbot] 263771234567 | flow: welcome | step: menu | msg: "1"
2026-04-13 06:16:56 [DEBUG] [MsgRepo] Saved incoming message for 263771234567
2026-04-13 06:16:56 [DEBUG] [MsgRepo] Saved outgoing message for 263771234567
2026-04-13 06:16:56 [ERROR] [WA:send] ❌ Failed to 263771234567: {"error":{"message":"Unsupported post request. Object with ID '123456789' does not exist, cannot be loaded due to missing permissions, or does not support this operation. Please read the Graph API documentation at https://developers.facebook.com/docs/graph-api","type":"GraphMethodException","code":100,"error_subcode":33,"fbtrace_id":"A2eJwwhtcfGmVT0CVtUFuM4"}}
2026-04-13 06:16:56 [ERROR] [Webhook] ❌ Request failed with status code 400
2026-04-13 07:52:33 [INFO] [DB] MongoDB reconnected
2026-04-13 07:52:33 [INFO] [DB] MongoDB reconnected
2026-04-13 07:52:44 [WARN] [DB] MongoDB disconnected
2026-04-13 07:52:44 [INFO] [DB] MongoDB reconnected
2026-04-13 08:25:47 [INFO] [DB] MongoDB connected
2026-04-13 08:25:47 [INFO] ──────────────────────────────────────────
2026-04-13 08:25:47 [INFO]   WhatsApp SaaS Chatbot Platform
2026-04-13 08:25:47 [INFO]   Env     : development
2026-04-13 08:25:47 [INFO]   Port    : 3000
2026-04-13 08:25:47 [INFO]   Health  : http://localhost:3000/health
2026-04-13 08:25:47 [INFO]   Webhook : http://localhost:3000/webhook
2026-04-13 08:25:47 [INFO] ──────────────────────────────────────────
2026-04-13 08:26:22 [HTTP] GET /crm/contacts 200 101.534 ms
2026-04-13 08:26:41 [HTTP] GET /crm/contacts 200 88.053 ms
2026-04-13 10:06:42 [INFO] [DB] MongoDB reconnected
2026-04-13 10:06:43 [INFO] [DB] MongoDB reconnected
2026-04-13 10:11:04 [INFO] [DB] MongoDB reconnected
2026-04-13 10:11:04 [INFO] [DB] MongoDB reconnected
2026-04-13 10:11:46 [WARN] [DB] MongoDB disconnected
2026-04-13 10:11:47 [INFO] [DB] MongoDB reconnected
2026-04-13 10:15:07 [INFO] [DB] MongoDB reconnected
2026-04-13 10:15:09 [INFO] [DB] MongoDB reconnected
2026-04-13 10:16:28 [WARN] [DB] MongoDB disconnected
2026-04-13 10:17:01 [INFO] [DB] MongoDB reconnected
2026-04-13 10:17:33 [INFO] [DB] MongoDB reconnected
2026-04-13 10:17:52 [WARN] [DB] MongoDB disconnected
2026-04-13 10:18:31 [INFO] [DB] MongoDB reconnected
2026-04-13 10:19:11 [INFO] [DB] MongoDB reconnected
2026-04-13 10:19:21 [WARN] [DB] MongoDB disconnected
2026-04-13 10:19:21 [INFO] [DB] MongoDB reconnected
2026-04-13 10:20:22 [INFO] [DB] MongoDB reconnected
2026-04-13 10:20:22 [INFO] [DB] MongoDB reconnected
2026-04-13 10:24:21 [WARN] [DB] MongoDB disconnected
2026-04-13 10:24:41 [INFO] [DB] MongoDB reconnected
2026-04-13 10:27:53 [INFO] [DB] MongoDB reconnected
2026-04-13 10:28:38 [WARN] [DB] MongoDB disconnected
2026-04-13 10:28:46 [INFO] [DB] MongoDB reconnected
2026-04-13 10:29:56 [INFO] [DB] MongoDB reconnected
2026-04-13 10:31:15 [INFO] [WA:msg] 📩 From: 263771234567 | type: text | client: client_demo
2026-04-13 10:31:15 [HTTP] POST /webhook 200 7.858 ms
2026-04-13 10:31:29 [WARN] [WA:read] ⚠️ Could not mark as read: wamid.test10
2026-04-13 10:31:32 [WARN] [DB] MongoDB disconnected
2026-04-13 10:31:32 [INFO] [DB] MongoDB reconnected
2026-04-13 10:31:33 [DEBUG] [Chatbot] Restart by 263771234567
2026-04-13 10:31:33 [DEBUG] [Chatbot] 263771234567 | flow: welcome | step: start | msg: "hi"
2026-04-13 10:31:33 [HTTP] GET /crm/contacts 200 2184.508 ms
2026-04-13 10:31:33 [DEBUG] [MsgRepo] Saved incoming message for 263771234567
2026-04-13 10:31:33 [DEBUG] [MsgRepo] Saved outgoing message for 263771234567
2026-04-13 10:31:34 [ERROR] [WA:send] ❌ Failed to 263771234567: {"error":{"message":"Error validating access token: Session has expired on Sunday, 12-Apr-26 22:00:00 PDT. The current time is Monday, 13-Apr-26 01:31:35 PDT.","type":"OAuthException","code":190,"error_subcode":463,"fbtrace_id":"A0S40_p20d2Y2GCY7mSEMMZ"}}
2026-04-13 10:31:34 [ERROR] [Webhook] ❌ Request failed with status code 401
2026-04-13 10:34:00 [INFO] [DB] MongoDB reconnected
2026-04-13 10:35:55 [WARN] [DB] MongoDB disconnected
2026-04-13 10:36:47 [INFO] [DB] MongoDB connected
2026-04-13 10:36:47 [INFO] ──────────────────────────────────────────
2026-04-13 10:36:47 [INFO]   WhatsApp SaaS Chatbot Platform
2026-04-13 10:36:47 [INFO]   Env     : development
2026-04-13 10:36:47 [INFO]   Port    : 3000
2026-04-13 10:36:47 [INFO]   Health  : http://localhost:3000/health
2026-04-13 10:36:47 [INFO]   Webhook : http://localhost:3000/webhook
2026-04-13 10:36:47 [INFO] ──────────────────────────────────────────
2026-04-13 10:37:55 [INFO] [WA:msg] 📩 From: 263771234567 | type: text | client: client_demo
2026-04-13 10:37:55 [HTTP] POST /webhook 200 2.585 ms
2026-04-13 10:37:56 [WARN] [WA:read] ⚠️ Could not mark as read: wamid.crm1
2026-04-13 10:37:56 [DEBUG] [Chatbot] Restart by 263771234567
2026-04-13 10:37:56 [DEBUG] [Chatbot] 263771234567 | flow: welcome | step: start | msg: "hi"
2026-04-13 10:37:56 [DEBUG] [MsgRepo] Saved incoming message for 263771234567
2026-04-13 10:37:57 [DEBUG] [MsgRepo] Saved outgoing message for 263771234567
2026-04-13 10:37:57 [ERROR] [WA:send] ❌ Failed to 263771234567: {"error":{"message":"Error validating access token: Session has expired on Sunday, 12-Apr-26 22:00:00 PDT. The current time is Monday, 13-Apr-26 01:37:58 PDT.","type":"OAuthException","code":190,"error_subcode":463,"fbtrace_id":"A2nIreoTBX-7Dn0t5qc0Vou"}}
2026-04-13 10:37:57 [ERROR] [Webhook] ❌ Request failed with status code 401
2026-04-13 10:38:04 [HTTP] GET /crm/contacts 200 86.163 ms
2026-04-13 10:38:10 [HTTP] GET /crm/contacts/263771234567 200 157.016 ms
2026-04-13 10:38:27 [INFO] [CRM] Tag "lead" added to 263771234567
2026-04-13 10:38:27 [HTTP] PUT /crm/contacts/263771234567/tag 200 84.484 ms
2026-04-13 10:38:33 [INFO] [CRM] Stage updated to "customer" for 263771234567
2026-04-13 10:38:33 [HTTP] PUT /crm/contacts/263771234567/stage 200 96.807 ms
2026-04-13 10:41:49 [INFO] [DB] MongoDB reconnected
2026-04-13 10:41:49 [INFO] [DB] MongoDB reconnected
2026-04-13 11:20:53 [INFO] [DB] MongoDB reconnected
2026-04-13 11:20:53 [INFO] [DB] MongoDB reconnected
2026-04-13 11:24:05 [WARN] [DB] MongoDB disconnected
2026-04-13 11:24:05 [INFO] [DB] MongoDB reconnected
2026-04-13 11:24:46 [INFO] [DB] MongoDB reconnected
2026-04-13 11:24:57 [WARN] [DB] MongoDB disconnected
2026-04-13 11:24:57 [INFO] [DB] MongoDB reconnected
2026-04-13 11:25:38 [INFO] [DB] MongoDB reconnected
2026-04-13 11:25:48 [WARN] [DB] MongoDB disconnected
2026-04-13 11:25:48 [INFO] [DB] MongoDB reconnected
2026-04-13 11:28:22 [WARN] [DB] MongoDB disconnected
2026-04-13 11:28:43 [INFO] [DB] MongoDB reconnected
2026-04-13 11:30:04 [INFO] [DB] MongoDB reconnected
2026-04-13 11:32:09 [INFO] [DB] MongoDB reconnected
2026-04-13 11:32:09 [INFO] [DB] MongoDB reconnected
2026-04-13 11:43:09 [INFO] [DB] MongoDB reconnected
2026-04-13 11:44:55 [WARN] [DB] MongoDB disconnected
2026-04-13 11:44:55 [INFO] [DB] MongoDB reconnected
2026-04-13 11:46:38 [INFO] [DB] MongoDB reconnected
2026-04-13 11:46:48 [WARN] [DB] MongoDB disconnected
2026-04-13 11:46:48 [INFO] [DB] MongoDB reconnected
2026-04-13 11:48:32 [INFO] [DB] MongoDB reconnected
2026-04-13 11:48:32 [INFO] [DB] MongoDB reconnected
2026-04-13 11:49:09 [WARN] [DB] MongoDB disconnected
2026-04-13 11:49:53 [INFO] [DB] MongoDB reconnected
2026-04-13 11:50:22 [HTTP] GET /crm/contacts 200 554.720 ms
2026-04-13 11:50:58 [HTTP] GET /crm/contacts/263771234567 200 147.139 ms
2026-04-13 11:51:04 [INFO] [CRM] Tag "vip" added to 263771234567
2026-04-13 11:51:04 [HTTP] PUT /crm/contacts/263771234567/tag 200 96.873 ms
2026-04-13 11:51:10 [INFO] [CRM] Note updated for 263771234567
2026-04-13 11:51:10 [HTTP] PUT /crm/contacts/263771234567/note 200 110.704 ms
2026-04-13 11:51:47 [INFO] [CRM] Stage updated to "vip" for 263771234567
2026-04-13 11:51:47 [HTTP] PUT /crm/contacts/263771234567/stage 200 2020.245 ms
2026-04-13 11:52:00 [INFO] [CRM] Tag "lead" removed from 263771234567
2026-04-13 11:52:00 [HTTP] DELETE /crm/contacts/263771234567/tag 200 6086.865 ms
2026-04-13 11:53:25 [WARN] [DB] MongoDB disconnected
2026-04-13 11:53:25 [INFO] [DB] MongoDB reconnected
2026-04-13 11:55:13 [INFO] [DB] MongoDB reconnected
2026-04-13 11:55:23 [WARN] [DB] MongoDB disconnected
2026-04-13 11:55:23 [INFO] [DB] MongoDB reconnected
2026-04-13 11:56:34 [INFO] [DB] MongoDB reconnected
2026-04-13 11:57:33 [WARN] [DB] MongoDB disconnected
2026-04-13 11:57:34 [INFO] [DB] MongoDB reconnected
2026-04-13 11:57:59 [WARN] [DB] MongoDB disconnected
2026-04-13 12:00:30 [INFO] [DB] MongoDB connected
2026-04-13 12:00:30 [DEBUG] [Queue] Registered handler for: incoming_message
2026-04-13 12:00:30 [INFO] [Worker] All handlers registered
2026-04-13 12:00:30 [INFO] ──────────────────────────────────────────
2026-04-13 12:00:30 [INFO]   WhatsApp SaaS Chatbot Platform
2026-04-13 12:00:30 [INFO]   Env     : development
2026-04-13 12:00:30 [INFO]   Port    : 3000
2026-04-13 12:00:30 [INFO]   Health  : http://localhost:3000/health
2026-04-13 12:00:30 [INFO]   Webhook : http://localhost:3000/webhook
2026-04-13 12:00:30 [INFO] ──────────────────────────────────────────
2026-04-13 12:00:58 [HTTP] GET /health 200 6.307 ms
2026-04-13 12:01:05 [INFO] [WA:msg] Queuing message from 263771234567 | type: text
2026-04-13 12:01:05 [DEBUG] [Queue] Enqueued job incoming_message_1776074465216_c7hy1 | type: incoming_message | depth: 1
2026-04-13 12:01:05 [HTTP] POST /webhook 200 0.571 ms
2026-04-13 12:01:05 [DEBUG] [Queue] Processing job incoming_message_1776074465216_c7hy1 | attempt: 1
2026-04-13 12:01:05 [INFO] [Worker] Processing message from 263771234567 | type: text
2026-04-13 12:01:10 [WARN] [DB] MongoDB disconnected
2026-04-13 12:01:16 [WARN] [WA:read] ⚠️ Could not mark as read: wamid.test99
2026-04-13 12:01:46 [ERROR] [UserRepo] findOrCreate failed: connection <monitor> to 159.41.88.81:27017 timed out
2026-04-13 12:01:46 [ERROR] [Queue] Job incoming_message_1776074465216_c7hy1 failed: connection <monitor> to 159.41.88.81:27017 timed out
2026-04-13 12:01:46 [WARN] [Queue] Retrying job incoming_message_1776074465216_c7hy1 | attempt 1/3
2026-04-13 12:01:46 [DEBUG] [Queue] Processing job incoming_message_1776074465216_c7hy1 | attempt: 2
2026-04-13 12:01:46 [INFO] [Worker] Processing message from 263771234567 | type: text
2026-04-13 12:01:47 [WARN] [WA:read] ⚠️ Could not mark as read: wamid.test99
2026-04-13 12:02:07 [INFO] [DB] MongoDB reconnected
2026-04-13 12:02:07 [DEBUG] [Chatbot] Restart by 263771234567
2026-04-13 12:02:07 [DEBUG] [Chatbot] 263771234567 | flow: welcome | step: start | msg: "hi"
2026-04-13 12:02:08 [DEBUG] [MsgRepo] Saved incoming message for 263771234567
2026-04-13 12:02:08 [DEBUG] [MsgRepo] Saved outgoing message for 263771234567
2026-04-13 12:02:08 [ERROR] [WA:send] ❌ Failed to 263771234567: {"error":{"message":"Error validating access token: Session has expired on Sunday, 12-Apr-26 22:00:00 PDT. The current time is Monday, 13-Apr-26 03:02:09 PDT.","type":"OAuthException","code":190,"error_subcode":463,"fbtrace_id":"A8rEbTTx-5Hn9P81mgTNjgY"}}
2026-04-13 12:02:08 [ERROR] [Queue] Job incoming_message_1776074465216_c7hy1 failed: Request failed with status code 401
2026-04-13 12:02:08 [WARN] [Queue] Retrying job incoming_message_1776074465216_c7hy1 | attempt 2/3
2026-04-13 12:02:08 [DEBUG] [Queue] Processing job incoming_message_1776074465216_c7hy1 | attempt: 3
2026-04-13 12:02:08 [INFO] [Worker] Processing message from 263771234567 | type: text
2026-04-13 12:02:09 [WARN] [WA:read] ⚠️ Could not mark as read: wamid.test99
2026-04-13 12:02:09 [DEBUG] [Chatbot] Restart by 263771234567
2026-04-13 12:02:09 [DEBUG] [Chatbot] 263771234567 | flow: welcome | step: start | msg: "hi"
2026-04-13 12:02:10 [DEBUG] [MsgRepo] Saved incoming message for 263771234567
2026-04-13 12:02:10 [DEBUG] [MsgRepo] Saved outgoing message for 263771234567
2026-04-13 12:02:10 [ERROR] [WA:send] ❌ Failed to 263771234567: {"error":{"message":"Error validating access token: Session has expired on Sunday, 12-Apr-26 22:00:00 PDT. The current time is Monday, 13-Apr-26 03:02:11 PDT.","type":"OAuthException","code":190,"error_subcode":463,"fbtrace_id":"AueOd5v14YLU_qva-mNZN9M"}}
2026-04-13 12:02:10 [ERROR] [Queue] Job incoming_message_1776074465216_c7hy1 failed: Request failed with status code 401
2026-04-13 12:02:10 [ERROR] [Queue] Job incoming_message_1776074465216_c7hy1 permanently failed after 3 attempts
2026-04-13 12:08:06 [INFO] [DB] MongoDB reconnected
2026-04-13 12:13:36 [WARN] [DB] MongoDB disconnected
2026-04-13 12:13:36 [INFO] [DB] MongoDB reconnected
2026-04-13 12:21:47 [INFO] [DB] MongoDB reconnected
2026-04-13 12:21:47 [INFO] [DB] MongoDB reconnected
2026-04-13 12:35:26 [INFO] [DB] MongoDB connected
2026-04-13 12:35:26 [DEBUG] [Queue] Registered handler for: incoming_message
2026-04-13 12:35:26 [INFO] [Worker] All handlers registered
2026-04-13 12:35:26 [INFO] ──────────────────────────────────────────
2026-04-13 12:35:26 [INFO]   WhatsApp SaaS Chatbot Platform
2026-04-13 12:35:26 [INFO]   Env     : development
2026-04-13 12:35:26 [INFO]   Port    : 3000
2026-04-13 12:35:26 [INFO]   Health  : http://localhost:3000/health
2026-04-13 12:35:26 [INFO]   Webhook : http://localhost:3000/webhook
2026-04-13 12:35:26 [INFO] ──────────────────────────────────────────
2026-04-13 12:35:41 [INFO] [TenantRepo] Created tenant: salon_harare
2026-04-13 12:35:41 [INFO] [TenantService] Onboarded: salon_harare
2026-04-13 12:35:41 [HTTP] POST /tenants 201 134.636 ms
2026-04-13 12:39:14 [INFO] [DB] MongoDB connected
2026-04-13 12:39:14 [DEBUG] [Queue] Registered handler for: incoming_message
2026-04-13 12:39:14 [INFO] [Worker] All handlers registered
2026-04-13 12:39:15 [INFO] ──────────────────────────────────────────
2026-04-13 12:39:15 [INFO]   WhatsApp SaaS Chatbot Platform
2026-04-13 12:39:15 [INFO]   Env     : development
2026-04-13 12:39:15 [INFO]   Port    : 3000
2026-04-13 12:39:15 [INFO]   Health  : http://localhost:3000/health
2026-04-13 12:39:15 [INFO]   Webhook : http://localhost:3000/webhook
2026-04-13 12:39:15 [INFO] ──────────────────────────────────────────
2026-04-13 12:39:27 [HTTP] GET /tenants 200 77.991 ms
2026-04-13 12:40:03 [HTTP] POST /webhook 200 0.526 ms
2026-04-13 12:40:03 [INFO] [WA:msg] ✅ Tenant: salon_harare | From: 263771234567 | type: text
2026-04-13 12:40:03 [DEBUG] [Queue] Enqueued job incoming_message_1776076803252_yij0c | type: incoming_message | depth: 1
2026-04-13 12:40:03 [DEBUG] [Queue] Processing job incoming_message_1776076803252_yij0c | attempt: 1
2026-04-13 12:40:03 [INFO] [Worker] Processing | client: salon_harare | from: 263771234567
2026-04-13 12:40:03 [WARN] [WA:read] ⚠️ Could not mark as read: wamid.phase6test
2026-04-13 12:40:03 [DEBUG] [Chatbot] Restart by 263771234567
2026-04-13 12:40:03 [DEBUG] [Chatbot] 263771234567 | flow: welcome | step: start | msg: "hi"
2026-04-13 12:40:04 [DEBUG] [MsgRepo] Saved incoming message for 263771234567
2026-04-13 12:40:04 [DEBUG] [MsgRepo] Saved outgoing message for 263771234567
2026-04-13 12:40:04 [ERROR] [WA:send] ❌ Failed to 263771234567: {"error":{"message":"Error validating access token: Session has expired on Sunday, 12-Apr-26 22:00:00 PDT. The current time is Monday, 13-Apr-26 03:40:05 PDT.","type":"OAuthException","code":190,"error_subcode":463,"fbtrace_id":"Arb9v6dVSmte3AW1-jpwTfJ"}}
2026-04-13 12:40:04 [ERROR] [Queue] Job incoming_message_1776076803252_yij0c failed: Request failed with status code 401
2026-04-13 12:40:04 [WARN] [Queue] Retrying job incoming_message_1776076803252_yij0c | attempt 1/3
2026-04-13 12:40:04 [DEBUG] [Queue] Processing job incoming_message_1776076803252_yij0c | attempt: 2
2026-04-13 12:40:04 [INFO] [Worker] Processing | client: salon_harare | from: 263771234567
2026-04-13 12:40:05 [WARN] [WA:read] ⚠️ Could not mark as read: wamid.phase6test
2026-04-13 12:40:05 [DEBUG] [Chatbot] Restart by 263771234567
2026-04-13 12:40:05 [DEBUG] [Chatbot] 263771234567 | flow: welcome | step: start | msg: "hi"
2026-04-13 12:40:05 [DEBUG] [MsgRepo] Saved incoming message for 263771234567
2026-04-13 12:40:05 [DEBUG] [MsgRepo] Saved outgoing message for 263771234567
2026-04-13 12:40:05 [ERROR] [WA:send] ❌ Failed to 263771234567: {"error":{"message":"Error validating access token: Session has expired on Sunday, 12-Apr-26 22:00:00 PDT. The current time is Monday, 13-Apr-26 03:40:06 PDT.","type":"OAuthException","code":190,"error_subcode":463,"fbtrace_id":"AXpIYVtFKOtJgKnrj8SjcuX"}}
2026-04-13 12:40:05 [ERROR] [Queue] Job incoming_message_1776076803252_yij0c failed: Request failed with status code 401
2026-04-13 12:40:05 [WARN] [Queue] Retrying job incoming_message_1776076803252_yij0c | attempt 2/3
2026-04-13 12:40:05 [DEBUG] [Queue] Processing job incoming_message_1776076803252_yij0c | attempt: 3
2026-04-13 12:40:05 [INFO] [Worker] Processing | client: salon_harare | from: 263771234567
2026-04-13 12:40:06 [WARN] [WA:read] ⚠️ Could not mark as read: wamid.phase6test
2026-04-13 12:40:06 [DEBUG] [Chatbot] Restart by 263771234567
2026-04-13 12:40:06 [DEBUG] [Chatbot] 263771234567 | flow: welcome | step: start | msg: "hi"
2026-04-13 12:40:06 [DEBUG] [MsgRepo] Saved incoming message for 263771234567
2026-04-13 12:40:06 [DEBUG] [MsgRepo] Saved outgoing message for 263771234567
2026-04-13 12:40:06 [ERROR] [WA:send] ❌ Failed to 263771234567: {"error":{"message":"Error validating access token: Session has expired on Sunday, 12-Apr-26 22:00:00 PDT. The current time is Monday, 13-Apr-26 03:40:07 PDT.","type":"OAuthException","code":190,"error_subcode":463,"fbtrace_id":"Aya5FhKoWq0UJpOF4Xdu0Ef"}}
2026-04-13 12:40:06 [ERROR] [Queue] Job incoming_message_1776076803252_yij0c failed: Request failed with status code 401
2026-04-13 12:40:06 [ERROR] [Queue] Job incoming_message_1776076803252_yij0c permanently failed after 3 attempts
2026-04-13 12:40:13 [DEBUG] [TenantService] Cache hit: 123456789
2026-04-13 12:40:13 [HTTP] POST /webhook 200 0.368 ms
2026-04-13 12:40:13 [INFO] [WA:msg] ✅ Tenant: salon_harare | From: 263771234567 | type: text
2026-04-13 12:40:13 [DEBUG] [Queue] Enqueued job incoming_message_1776076813374_058el | type: incoming_message | depth: 1
2026-04-13 12:40:13 [DEBUG] [Queue] Processing job incoming_message_1776076813374_058el | attempt: 1
2026-04-13 12:40:13 [INFO] [Worker] Processing | client: salon_harare | from: 263771234567
2026-04-13 12:40:13 [WARN] [WA:read] ⚠️ Could not mark as read: wamid.phase6test
2026-04-13 12:40:13 [DEBUG] [Chatbot] Restart by 263771234567
2026-04-13 12:40:13 [DEBUG] [Chatbot] 263771234567 | flow: welcome | step: start | msg: "hi"
2026-04-13 12:40:14 [DEBUG] [MsgRepo] Saved incoming message for 263771234567
2026-04-13 12:40:14 [DEBUG] [MsgRepo] Saved outgoing message for 263771234567
2026-04-13 12:40:14 [ERROR] [WA:send] ❌ Failed to 263771234567: {"error":{"message":"Error validating access token: Session has expired on Sunday, 12-Apr-26 22:00:00 PDT. The current time is Monday, 13-Apr-26 03:40:15 PDT.","type":"OAuthException","code":190,"error_subcode":463,"fbtrace_id":"AS-DnYUwvRjZHqho2k-Lvcq"}}
2026-04-13 12:40:14 [ERROR] [Queue] Job incoming_message_1776076813374_058el failed: Request failed with status code 401
2026-04-13 12:40:14 [WARN] [Queue] Retrying job incoming_message_1776076813374_058el | attempt 1/3
2026-04-13 12:40:14 [DEBUG] [Queue] Processing job incoming_message_1776076813374_058el | attempt: 2
2026-04-13 12:40:14 [INFO] [Worker] Processing | client: salon_harare | from: 263771234567
2026-04-13 12:40:14 [WARN] [WA:read] ⚠️ Could not mark as read: wamid.phase6test
2026-04-13 12:40:14 [DEBUG] [Chatbot] Restart by 263771234567
2026-04-13 12:40:14 [DEBUG] [Chatbot] 263771234567 | flow: welcome | step: start | msg: "hi"
2026-04-13 12:40:15 [DEBUG] [MsgRepo] Saved incoming message for 263771234567
2026-04-13 12:40:15 [DEBUG] [MsgRepo] Saved outgoing message for 263771234567
2026-04-13 12:40:15 [ERROR] [WA:send] ❌ Failed to 263771234567: {"error":{"message":"Error validating access token: Session has expired on Sunday, 12-Apr-26 22:00:00 PDT. The current time is Monday, 13-Apr-26 03:40:16 PDT.","type":"OAuthException","code":190,"error_subcode":463,"fbtrace_id":"AHL6jexCjn9H6a0_eQ4KeU0"}}
2026-04-13 12:40:15 [ERROR] [Queue] Job incoming_message_1776076813374_058el failed: Request failed with status code 401
2026-04-13 12:40:15 [WARN] [Queue] Retrying job incoming_message_1776076813374_058el | attempt 2/3
2026-04-13 12:40:15 [DEBUG] [Queue] Processing job incoming_message_1776076813374_058el | attempt: 3
2026-04-13 12:40:15 [INFO] [Worker] Processing | client: salon_harare | from: 263771234567
2026-04-13 12:40:15 [WARN] [WA:read] ⚠️ Could not mark as read: wamid.phase6test
2026-04-13 12:40:15 [DEBUG] [Chatbot] Restart by 263771234567
2026-04-13 12:40:15 [DEBUG] [Chatbot] 263771234567 | flow: welcome | step: start | msg: "hi"
2026-04-13 12:40:16 [DEBUG] [MsgRepo] Saved incoming message for 263771234567
2026-04-13 12:40:16 [DEBUG] [MsgRepo] Saved outgoing message for 263771234567
2026-04-13 12:40:16 [ERROR] [WA:send] ❌ Failed to 263771234567: {"error":{"message":"Error validating access token: Session has expired on Sunday, 12-Apr-26 22:00:00 PDT. The current time is Monday, 13-Apr-26 03:40:17 PDT.","type":"OAuthException","code":190,"error_subcode":463,"fbtrace_id":"AldzuICOOTDuy0yp3kLf0M5"}}
2026-04-13 12:40:16 [ERROR] [Queue] Job incoming_message_1776076813374_058el failed: Request failed with status code 401
2026-04-13 12:40:16 [ERROR] [Queue] Job incoming_message_1776076813374_058el permanently failed after 3 attempts
2026-04-13 12:40:19 [HTTP] POST /webhook 200 0.683 ms
2026-04-13 12:40:19 [ERROR] [TenantService] ❌ No tenant for phoneNumberId: UNKNOWN999 — message dropped
2026-04-13 12:43:05 [INFO] [DB] MongoDB reconnected
2026-04-13 12:43:05 [INFO] [DB] MongoDB reconnected
2026-04-13 12:44:17 [WARN] [DB] MongoDB disconnected
2026-04-13 12:44:36 [INFO] [DB] MongoDB reconnected
2026-04-13 12:46:59 [INFO] [DB] MongoDB reconnected
2026-04-13 12:47:15 [WARN] [DB] MongoDB disconnected
2026-04-13 12:47:15 [INFO] [DB] MongoDB reconnected
2026-04-13 12:48:36 [INFO] [DB] MongoDB reconnected
2026-04-13 12:49:10 [WARN] [DB] MongoDB disconnected
2026-04-13 12:49:10 [INFO] [DB] MongoDB reconnected
2026-04-13 12:49:13 [DEBUG] [TenantService] Cache evicted: 123456789
2026-04-13 12:53:12 [INFO] [DB] MongoDB reconnected
2026-04-13 12:53:12 [INFO] [DB] MongoDB reconnected
2026-04-13 12:57:13 [WARN] [DB] MongoDB disconnected
2026-04-13 12:58:03 [INFO] [DB] MongoDB reconnected
2026-04-13 12:59:39 [WARN] [DB] MongoDB disconnected
2026-04-13 12:59:54 [INFO] [DB] MongoDB reconnected
2026-04-13 13:01:16 [INFO] [DB] MongoDB reconnected
2026-04-13 13:01:57 [WARN] [DB] MongoDB disconnected
2026-04-13 13:01:57 [INFO] [DB] MongoDB reconnected
2026-04-13 13:02:37 [INFO] [DB] MongoDB reconnected
2026-04-13 13:03:19 [WARN] [DB] MongoDB disconnected
2026-04-13 13:03:19 [INFO] [DB] MongoDB reconnected
2026-04-13 14:43:41 [INFO] [DB] MongoDB reconnected
2026-04-13 14:43:41 [INFO] [DB] MongoDB reconnected
2026-04-13 14:43:52 [WARN] [DB] MongoDB disconnected
2026-04-13 14:43:52 [INFO] [DB] MongoDB reconnected
2026-04-13 15:48:45 [INFO] [DB] MongoDB reconnected
2026-04-13 15:48:48 [INFO] [DB] MongoDB reconnected
2026-04-13 15:48:55 [WARN] [DB] MongoDB disconnected
2026-04-13 15:48:58 [INFO] [DB] MongoDB reconnected
2026-04-13 15:50:41 [INFO] [DB] MongoDB reconnected
2026-04-13 15:51:23 [WARN] [DB] MongoDB disconnected
2026-04-13 15:51:23 [INFO] [DB] MongoDB reconnected
2026-04-13 15:51:57 [WARN] [DB] MongoDB disconnected
2026-04-13 15:52:08 [INFO] [DB] MongoDB reconnected
2026-04-13 15:57:49 [INFO] [DB] MongoDB reconnected
2026-04-13 16:35:19 [WARN] [DB] MongoDB disconnected
2026-04-13 16:35:20 [INFO] [DB] MongoDB reconnected
2026-04-13 17:59:32 [WARN] [DB] MongoDB disconnected
2026-04-13 17:59:45 [INFO] [DB] MongoDB reconnected
2026-04-13 18:50:04 [WARN] [DB] MongoDB disconnected
2026-04-13 18:50:15 [INFO] [DB] MongoDB reconnected
2026-04-13 19:05:16 [INFO] [DB] MongoDB reconnected
2026-04-13 19:06:19 [WARN] [DB] MongoDB disconnected
2026-04-13 19:06:35 [INFO] [DB] MongoDB reconnected
2026-04-13 19:07:24 [INFO] [DB] MongoDB reconnected
2026-04-13 19:07:48 [WARN] [DB] MongoDB disconnected
2026-04-13 19:07:56 [INFO] [DB] MongoDB reconnected
2026-04-13 19:08:39 [INFO] [DB] MongoDB reconnected
2026-04-13 19:08:45 [INFO] [DB] MongoDB reconnected
2026-04-13 19:08:57 [WARN] [DB] MongoDB disconnected
2026-04-13 19:08:57 [INFO] [DB] MongoDB reconnected
2026-04-13 19:10:33 [WARN] [DB] MongoDB disconnected
2026-04-13 19:10:34 [INFO] [DB] MongoDB reconnected
2026-04-13 19:17:58 [WARN] [DB] MongoDB disconnected
2026-04-13 19:17:59 [INFO] [DB] MongoDB reconnected
2026-04-13 19:20:50 [INFO] [DB] MongoDB reconnected
2026-04-13 19:20:59 [INFO] [DB] MongoDB reconnected
2026-04-13 19:21:02 [WARN] [DB] MongoDB disconnected
2026-04-13 19:21:11 [INFO] [DB] MongoDB reconnected
2026-04-13 19:22:41 [WARN] [DB] MongoDB disconnected
2026-04-13 19:22:41 [INFO] [DB] MongoDB reconnected
2026-04-13 20:02:44 [WARN] [DB] MongoDB disconnected
2026-04-13 20:02:56 [INFO] [DB] MongoDB reconnected
2026-04-13 20:16:20 [INFO] [DB] MongoDB reconnected
2026-04-13 20:16:24 [INFO] [DB] MongoDB reconnected
2026-04-13 20:16:30 [WARN] [DB] MongoDB disconnected
2026-04-13 20:16:38 [INFO] [DB] MongoDB reconnected
2026-04-13 20:18:19 [WARN] [DB] MongoDB disconnected
2026-04-13 20:19:44 [INFO] [DB] MongoDB reconnected
2026-04-13 20:22:04 [INFO] [DB] MongoDB reconnected
2026-04-13 20:22:04 [INFO] [DB] MongoDB reconnected
2026-04-13 20:22:58 [WARN] [DB] MongoDB disconnected
2026-04-13 20:26:13 [INFO] [DB] MongoDB reconnected
2026-04-13 20:30:47 [WARN] [DB] MongoDB disconnected
2026-04-13 20:33:26 [INFO] [DB] MongoDB reconnected
2026-04-13 20:35:22 [INFO] [DB] MongoDB reconnected
2026-04-13 20:35:23 [INFO] [DB] MongoDB reconnected
2026-04-13 20:35:54 [WARN] [DB] MongoDB disconnected
2026-04-13 20:36:59 [INFO] [DB] MongoDB reconnected
2026-04-13 20:37:56 [INFO] [DB] MongoDB reconnected
2026-04-13 20:38:39 [WARN] [DB] MongoDB disconnected
2026-04-13 20:38:39 [INFO] [DB] MongoDB reconnected
2026-04-13 20:44:31 [INFO] [DB] MongoDB reconnected
2026-04-13 20:45:46 [WARN] [DB] MongoDB disconnected
2026-04-13 20:46:06 [INFO] [DB] MongoDB reconnected
2026-04-13 20:47:03 [WARN] [DB] MongoDB disconnected
2026-04-13 20:47:20 [INFO] [DB] MongoDB reconnected
2026-04-13 20:49:48 [INFO] [DB] MongoDB reconnected
2026-04-13 20:50:40 [WARN] [DB] MongoDB disconnected
2026-04-13 20:50:44 [INFO] [DB] MongoDB reconnected
2026-04-13 20:52:34 [INFO] [DB] MongoDB reconnected
2026-04-13 20:52:34 [INFO] [DB] MongoDB reconnected
2026-04-13 20:53:35 [INFO] [DB] MongoDB reconnected
2026-04-13 20:53:36 [INFO] [DB] MongoDB reconnected
2026-04-13 20:56:52 [WARN] [DB] MongoDB disconnected
2026-04-13 20:57:09 [INFO] [DB] MongoDB reconnected
2026-04-13 21:01:23 [WARN] [DB] MongoDB disconnected
2026-04-13 21:03:27 [INFO] [DB] MongoDB reconnected
2026-04-13 21:05:14 [INFO] [DB] MongoDB reconnected
2026-04-13 21:05:25 [WARN] [DB] MongoDB disconnected
2026-04-13 21:05:40 [INFO] [DB] MongoDB reconnected
2026-04-13 21:09:14 [INFO] [DB] MongoDB reconnected
2026-04-13 21:09:28 [INFO] [DB] MongoDB reconnected
2026-04-13 21:09:45 [WARN] [DB] MongoDB disconnected
2026-04-13 21:09:45 [INFO] [DB] MongoDB reconnected
2026-04-13 21:11:50 [WARN] [DB] MongoDB disconnected
2026-04-13 21:11:50 [INFO] [DB] MongoDB reconnected
2026-04-13 21:12:41 [INFO] [DB] MongoDB reconnected
2026-04-15 09:23:10 [WARN] [DB] MongoDB disconnected
2026-04-15 09:23:41 [INFO] [DB] MongoDB connected
2026-04-15 09:23:41 [DEBUG] [Queue] Registered handler for: incoming_message
2026-04-15 09:23:41 [INFO] [Worker] All handlers registered
2026-04-15 09:23:41 [INFO] ──────────────────────────────────────────
2026-04-15 09:23:41 [INFO]   WhatsApp SaaS Chatbot Platform
2026-04-15 09:23:41 [INFO]   Env     : development
2026-04-15 09:23:41 [INFO]   Port    : 3000
2026-04-15 09:23:41 [INFO]   Health  : http://localhost:3000/health
2026-04-15 09:23:41 [INFO]   Webhook : http://localhost:3000/webhook
2026-04-15 09:23:41 [INFO] ──────────────────────────────────────────
2026-04-15 09:26:14 [INFO] [DB] MongoDB reconnected
2026-04-15 09:26:14 [INFO] [DB] MongoDB reconnected
2026-04-15 09:28:38 [INFO] [TenantRepo] Created tenant: businessbot
2026-04-15 09:28:38 [INFO] [TenantService] Onboarded: businessbot
2026-04-15 09:28:38 [HTTP] POST /tenants 201 26505.501 ms
2026-04-15 09:30:42 [INFO] [DB] MongoDB reconnected
2026-04-15 09:32:26 [INFO] [DB] MongoDB reconnected
2026-04-15 09:34:32 [INFO] [DB] MongoDB reconnected
2026-04-15 09:34:43 [WARN] [DB] MongoDB disconnected
2026-04-15 09:34:43 [INFO] [DB] MongoDB reconnected
2026-04-15 09:43:14 [INFO] [DB] MongoDB reconnected
2026-04-15 09:44:24 [WARN] [DB] MongoDB disconnected
2026-04-15 09:44:25 [INFO] [DB] MongoDB reconnected
2026-04-15 09:45:04 [INFO] [DB] MongoDB reconnected
2026-04-15 09:45:04 [INFO] [DB] MongoDB reconnected
2026-04-15 09:45:21 [WARN] [DB] MongoDB disconnected
2026-04-15 09:45:21 [INFO] [DB] MongoDB reconnected
2026-04-15 09:47:26 [WARN] [DB] MongoDB disconnected
2026-04-15 09:47:26 [INFO] [DB] MongoDB reconnected
2026-04-15 09:52:05 [INFO] [DB] MongoDB reconnected
2026-04-15 09:52:20 [WARN] [DB] MongoDB disconnected
2026-04-15 09:52:20 [INFO] [DB] MongoDB reconnected
2026-04-15 09:53:18 [INFO] [DB] MongoDB reconnected
2026-04-15 09:53:22 [INFO] [DB] MongoDB reconnected
2026-04-15 11:23:06 [WARN] [DB] MongoDB disconnected
2026-04-15 11:23:06 [INFO] [DB] MongoDB reconnected
2026-04-15 11:40:39 [INFO] [DB] MongoDB reconnected
