2026-04-13 05:18:21 [ERROR] [WA:send] ❌ Failed to 263771234567: {"error":{"message":"Invalid OAuth access token - Cannot parse access token","type":"OAuthException","code":190,"fbtrace_id":"A5O0RXXac8VlIX5XoQGFZuX"}}
2026-04-13 05:18:21 [ERROR] [Webhook] ❌ Request failed with status code 401
2026-04-13 05:21:35 [ERROR] [WA:send] ❌ Failed to 263771234567: {"error":{"message":"Invalid OAuth access token - Cannot parse access token","type":"OAuthException","code":190,"fbtrace_id":"AbuQU_jYoj5ZYCA0-Uj8pUo"}}
2026-04-13 05:21:35 [ERROR] [Webhook] ❌ Request failed with status code 401
2026-04-13 05:47:03 [ERROR] [DB] Connection failed: querySrv ENOTFOUND _mongodb._tcp.abc123
2026-04-13 05:55:01 [ERROR] [DB] Connection failed: Could not connect to any servers in your MongoDB Atlas cluster. One common reason is that you're trying to access the database from an IP that isn't whitelisted. Make sure your current IP address is on your Atlas cluster's IP whitelist: https://www.mongodb.com/docs/atlas/security-whitelist/
2026-04-13 05:55:25 [ERROR] [DB] Connection failed: bad auth : authentication failed
2026-04-13 06:06:50 [ERROR] [DB] Connection failed: bad auth : authentication failed
2026-04-13 06:12:35 [ERROR] [DB] Connection failed: bad auth : authentication failed
2026-04-13 06:16:45 [ERROR] [WA:send] ❌ Failed to 263771234567: {"error":{"message":"Unsupported post request. Object with ID '123456789' does not exist, cannot be loaded due to missing permissions, or does not support this operation. Please read the Graph API documentation at https://developers.facebook.com/docs/graph-api","type":"GraphMethodException","code":100,"error_subcode":33,"fbtrace_id":"AYqLXztRMSojyuKDvOEMcbn"}}
2026-04-13 06:16:45 [ERROR] [Webhook] ❌ Request failed with status code 400
2026-04-13 06:16:56 [ERROR] [WA:send] ❌ Failed to 263771234567: {"error":{"message":"Unsupported post request. Object with ID '123456789' does not exist, cannot be loaded due to missing permissions, or does not support this operation. Please read the Graph API documentation at https://developers.facebook.com/docs/graph-api","type":"GraphMethodException","code":100,"error_subcode":33,"fbtrace_id":"A2eJwwhtcfGmVT0CVtUFuM4"}}
2026-04-13 06:16:56 [ERROR] [Webhook] ❌ Request failed with status code 400
2026-04-13 10:31:34 [ERROR] [WA:send] ❌ Failed to 263771234567: {"error":{"message":"Error validating access token: Session has expired on Sunday, 12-Apr-26 22:00:00 PDT. The current time is Monday, 13-Apr-26 01:31:35 PDT.","type":"OAuthException","code":190,"error_subcode":463,"fbtrace_id":"A0S40_p20d2Y2GCY7mSEMMZ"}}
2026-04-13 10:31:34 [ERROR] [Webhook] ❌ Request failed with status code 401
2026-04-13 10:35:55 [ERROR] [DB] Connection failed: querySrv ETIMEOUT _mongodb._tcp.cluster0.tmjfqse.mongodb.net
2026-04-13 10:37:57 [ERROR] [WA:send] ❌ Failed to 263771234567: {"error":{"message":"Error validating access token: Session has expired on Sunday, 12-Apr-26 22:00:00 PDT. The current time is Monday, 13-Apr-26 01:37:58 PDT.","type":"OAuthException","code":190,"error_subcode":463,"fbtrace_id":"A2nIreoTBX-7Dn0t5qc0Vou"}}
2026-04-13 10:37:57 [ERROR] [Webhook] ❌ Request failed with status code 401
2026-04-13 12:01:46 [ERROR] [UserRepo] findOrCreate failed: connection <monitor> to 159.41.88.81:27017 timed out
2026-04-13 12:01:46 [ERROR] [Queue] Job incoming_message_1776074465216_c7hy1 failed: connection <monitor> to 159.41.88.81:27017 timed out
2026-04-13 12:02:08 [ERROR] [WA:send] ❌ Failed to 263771234567: {"error":{"message":"Error validating access token: Session has expired on Sunday, 12-Apr-26 22:00:00 PDT. The current time is Monday, 13-Apr-26 03:02:09 PDT.","type":"OAuthException","code":190,"error_subcode":463,"fbtrace_id":"A8rEbTTx-5Hn9P81mgTNjgY"}}
2026-04-13 12:02:08 [ERROR] [Queue] Job incoming_message_1776074465216_c7hy1 failed: Request failed with status code 401
2026-04-13 12:02:10 [ERROR] [WA:send] ❌ Failed to 263771234567: {"error":{"message":"Error validating access token: Session has expired on Sunday, 12-Apr-26 22:00:00 PDT. The current time is Monday, 13-Apr-26 03:02:11 PDT.","type":"OAuthException","code":190,"error_subcode":463,"fbtrace_id":"AueOd5v14YLU_qva-mNZN9M"}}
2026-04-13 12:02:10 [ERROR] [Queue] Job incoming_message_1776074465216_c7hy1 failed: Request failed with status code 401
2026-04-13 12:02:10 [ERROR] [Queue] Job incoming_message_1776074465216_c7hy1 permanently failed after 3 attempts
2026-04-13 12:40:04 [ERROR] [WA:send] ❌ Failed to 263771234567: {"error":{"message":"Error validating access token: Session has expired on Sunday, 12-Apr-26 22:00:00 PDT. The current time is Monday, 13-Apr-26 03:40:05 PDT.","type":"OAuthException","code":190,"error_subcode":463,"fbtrace_id":"Arb9v6dVSmte3AW1-jpwTfJ"}}
2026-04-13 12:40:04 [ERROR] [Queue] Job incoming_message_1776076803252_yij0c failed: Request failed with status code 401
2026-04-13 12:40:05 [ERROR] [WA:send] ❌ Failed to 263771234567: {"error":{"message":"Error validating access token: Session has expired on Sunday, 12-Apr-26 22:00:00 PDT. The current time is Monday, 13-Apr-26 03:40:06 PDT.","type":"OAuthException","code":190,"error_subcode":463,"fbtrace_id":"AXpIYVtFKOtJgKnrj8SjcuX"}}
2026-04-13 12:40:05 [ERROR] [Queue] Job incoming_message_1776076803252_yij0c failed: Request failed with status code 401
2026-04-13 12:40:06 [ERROR] [WA:send] ❌ Failed to 263771234567: {"error":{"message":"Error validating access token: Session has expired on Sunday, 12-Apr-26 22:00:00 PDT. The current time is Monday, 13-Apr-26 03:40:07 PDT.","type":"OAuthException","code":190,"error_subcode":463,"fbtrace_id":"Aya5FhKoWq0UJpOF4Xdu0Ef"}}
2026-04-13 12:40:06 [ERROR] [Queue] Job incoming_message_1776076803252_yij0c failed: Request failed with status code 401
2026-04-13 12:40:06 [ERROR] [Queue] Job incoming_message_1776076803252_yij0c permanently failed after 3 attempts
2026-04-13 12:40:14 [ERROR] [WA:send] ❌ Failed to 263771234567: {"error":{"message":"Error validating access token: Session has expired on Sunday, 12-Apr-26 22:00:00 PDT. The current time is Monday, 13-Apr-26 03:40:15 PDT.","type":"OAuthException","code":190,"error_subcode":463,"fbtrace_id":"AS-DnYUwvRjZHqho2k-Lvcq"}}
2026-04-13 12:40:14 [ERROR] [Queue] Job incoming_message_1776076813374_058el failed: Request failed with status code 401
2026-04-13 12:40:15 [ERROR] [WA:send] ❌ Failed to 263771234567: {"error":{"message":"Error validating access token: Session has expired on Sunday, 12-Apr-26 22:00:00 PDT. The current time is Monday, 13-Apr-26 03:40:16 PDT.","type":"OAuthException","code":190,"error_subcode":463,"fbtrace_id":"AHL6jexCjn9H6a0_eQ4KeU0"}}
2026-04-13 12:40:15 [ERROR] [Queue] Job incoming_message_1776076813374_058el failed: Request failed with status code 401
2026-04-13 12:40:16 [ERROR] [WA:send] ❌ Failed to 263771234567: {"error":{"message":"Error validating access token: Session has expired on Sunday, 12-Apr-26 22:00:00 PDT. The current time is Monday, 13-Apr-26 03:40:17 PDT.","type":"OAuthException","code":190,"error_subcode":463,"fbtrace_id":"AldzuICOOTDuy0yp3kLf0M5"}}
2026-04-13 12:40:16 [ERROR] [Queue] Job incoming_message_1776076813374_058el failed: Request failed with status code 401
2026-04-13 12:40:16 [ERROR] [Queue] Job incoming_message_1776076813374_058el permanently failed after 3 attempts
2026-04-13 12:40:19 [ERROR] [TenantService] ❌ No tenant for phoneNumberId: UNKNOWN999 — message dropped
